<?xml version="1.0" encoding="UTF-8"?>
<!-- Generated by org.testng.reporters.JUnitReportReporter -->
<testsuite hostname="DESKTOP-KQ4CTSR" failures="0" tests="1" name="org.totalqa.tests.RegistrationTest" time="25.232" errors="0" timestamp="2020-10-27T17:33:43 IST" skipped="0">
  <testcase classname="org.totalqa.tests.RegistrationTest" name="test" time="25.232"/>
  <system-out/>
</testsuite> <!-- org.totalqa.tests.RegistrationTest -->
