<?xml version="1.0" encoding="UTF-8"?>
<!-- Generated by org.testng.reporters.JUnitReportReporter -->
<testsuite skipped="7" hostname="DESKTOP-KQ4CTSR" name="com.test.FirstTest" tests="8" failures="0" timestamp="2020-10-10T10:45:40 IST" time="14.384" errors="0">
  <testcase name="doDatePicker" time="14.384" classname="com.test.FirstTest"/>
  <system-out/>
  <testcase name="doUserRegister" classname="com.test.FirstTest">
    <skipped/>
  </testcase> <!-- doUserRegister -->
  <system-out/>
  <testcase name="doFrames" classname="com.test.FirstTest">
    <skipped/>
  </testcase> <!-- doFrames -->
  <system-out/>
  <testcase name="doSelectable" classname="com.test.FirstTest">
    <skipped/>
  </testcase> <!-- doSelectable -->
  <system-out/>
  <testcase name="doWindowsHandle" classname="com.test.FirstTest">
    <skipped/>
  </testcase> <!-- doWindowsHandle -->
  <system-out/>
  <testcase name="doAlerts" classname="com.test.FirstTest">
    <skipped/>
  </testcase> <!-- doAlerts -->
  <system-out/>
  <testcase name="DoGilLogau" classname="com.test.FirstTest">
    <skipped/>
  </testcase> <!-- DoGilLogau -->
  <system-out/>
  <testcase name="DoGilLogin" classname="com.test.FirstTest">
    <skipped/>
  </testcase> <!-- DoGilLogin -->
  <system-out/>
</testsuite> <!-- com.test.FirstTest -->
