<?xml version="1.0" encoding="UTF-8"?>
<!-- Generated by org.testng.reporters.JUnitReportReporter -->
<testsuite hostname="DESKTOP-KQ4CTSR" failures="0" tests="2" name="org.totalqa.test.Registertest" time="76.656" errors="0" timestamp="2020-10-22T23:29:32 IST" skipped="0">
  <testcase classname="org.totalqa.test.Registertest" name="doRegistration" time="36.937"/>
  <system-out/>
  <testcase classname="org.totalqa.test.Registertest" name="doComparison" time="39.719"/>
  <system-out/>
</testsuite> <!-- org.totalqa.test.Registertest -->
