<?xml version="1.0" encoding="UTF-8"?>
<!-- Generated by org.testng.reporters.JUnitReportReporter -->
<testsuite hostname="DESKTOP-KQ4CTSR" failures="0" tests="1" name="com.util.TestBase" time="14.832" errors="0" timestamp="2020-10-11T20:50:35 IST" skipped="0">
  <testcase classname="com.util.TestBase" name="check" time="14.832"/>
  <system-out/>
</testsuite> <!-- com.util.TestBase -->
