<?xml version="1.0" encoding="UTF-8"?>
<!-- Generated by org.testng.reporters.JUnitReportReporter -->
<testsuite hostname="DESKTOP-KQ4CTSR" failures="0" tests="2" name="apiautomation.Post" time="2.451" errors="0" timestamp="2020-10-11T19:01:26 IST" skipped="1">
  <testcase classname="apiautomation.Post" name="doPost" time="2.451"/>
  <system-out/>
  <testcase classname="apiautomation.Post" name="doGet">
    <skipped/>
  </testcase> <!-- doGet -->
  <system-out/>
</testsuite> <!-- apiautomation.Post -->
