<?xml version="1.0" encoding="UTF-8"?>
<!-- Generated by org.testng.reporters.JUnitReportReporter -->
<testsuite hostname="DESKTOP-KQ4CTSR" failures="0" tests="3" name="apiautomation.Get" time="6.319" errors="0" timestamp="2020-10-11T15:42:35 IST" skipped="0">
  <testcase classname="apiautomation.Get" name="statuscodetest" time="2.840"/>
  <system-out/>
  <testcase classname="apiautomation.Get" name="responseBodyTest" time="1.357"/>
  <system-out/>
  <testcase classname="apiautomation.Get" name="responseHeader" time="2.122"/>
  <system-out/>
</testsuite> <!-- apiautomation.Get -->
