<?xml version="1.0" encoding="UTF-8"?>
<!-- Generated by org.testng.reporters.JUnitReportReporter -->
<testsuite hostname="DESKTOP-KQ4CTSR" failures="0" tests="1" name="testfunc.extest" time="0.747" errors="0" timestamp="2020-10-15T22:52:50 IST" skipped="0">
  <testcase classname="testfunc.extest" name="getexcel" time="0.747"/>
  <system-out/>
</testsuite> <!-- testfunc.extest -->
